INFO:root:
 ====== sportsbooksreview.com/betting-odds/nba-basketball SCRAPING ====== 

INFO:root:ERROR selecting day
INFO:root:ERROR selecting day
INFO:root:ERROR selecting moneyline, full game, etc.
INFO:root:ERROR selecting moneyline, full game, etc.
INFO:root:ERROR selecting moneyline, full game, etc.
INFO:root:ERROR selecting moneyline, full game, etc.
INFO:root:ERROR selecting moneyline, full game, etc.
INFO:root:ERROR selecting moneyline, full game, etc.
INFO:root:ERROR selecting moneyline, full game, etc.
INFO:root:ERROR selecting moneyline, full game, etc.
INFO:root:ERROR selecting moneyline, full game, etc.
INFO:root:ERROR selecting moneyline, full game, etc.
INFO:root:ERROR selecting moneyline, full game, etc.
INFO:root:ERROR selecting moneyline, full game, etc.
INFO:root:ERROR selecting moneyline, full game, etc.
INFO:root:ERROR selecting moneyline, full game, etc.
INFO:root:ERROR selecting moneyline, full game, etc.
INFO:root:ERROR selecting moneyline, full game, etc.
INFO:root:ERROR selecting moneyline, full game, etc.
INFO:root:ERROR selecting moneyline, full game, etc.
INFO:root:ERROR clicking arrows or running populate functions
INFO:root:ERROR clicking arrows or running populate functions
INFO:root:ERROR clicking arrows or running populate functions
INFO:root:ERROR selecting day
INFO:root:ERROR selecting day
INFO:root:ERROR selecting moneyline, full game, etc.
INFO:root:ERROR selecting day
INFO:root:ERROR selecting day
INFO:root:ERROR selecting day
INFO:root:ERROR selecting day
INFO:root:ERROR selecting day
INFO:root:ERROR selecting day
INFO:root:ERROR selecting day
INFO:root:ERROR selecting moneyline, full game, etc.
INFO:root:ERROR selecting day
INFO:root:ERROR selecting day
INFO:root:ERROR selecting day
INFO:root:ERROR selecting day
INFO:root:ERROR selecting day
INFO:root:ERROR selecting day
INFO:root:ERROR selecting day
INFO:root:ERROR selecting moneyline, full game, etc.
INFO:root:ERROR selecting moneyline, full game, etc.
INFO:root:ERROR selecting moneyline, full game, etc.
INFO:root:ERROR selecting day
INFO:root:
 ====== sportsbooksreview.com/betting-odds/nba-basketball SCRAPING ====== 

INFO:root:ERROR selecting day
INFO:root:ERROR selecting day
INFO:root:ERROR selecting moneyline, full game, etc.
INFO:root:ERROR selecting moneyline, full game, etc.
INFO:root:ERROR selecting moneyline, full game, etc.
INFO:root:ERROR selecting moneyline, full game, etc.
INFO:root:ERROR selecting moneyline, full game, etc.
INFO:root:ERROR selecting moneyline, full game, etc.
INFO:root:ERROR selecting moneyline, full game, etc.
INFO:root:ERROR selecting moneyline, full game, etc.
INFO:root:ERROR selecting moneyline, full game, etc.
INFO:root:ERROR selecting moneyline, full game, etc.
INFO:root:ERROR selecting moneyline, full game, etc.
INFO:root:ERROR selecting moneyline, full game, etc.
INFO:root:ERROR selecting moneyline, full game, etc.
INFO:root:ERROR selecting moneyline, full game, etc.
INFO:root:ERROR selecting moneyline, full game, etc.
INFO:root:ERROR clicking arrows or running populate functions
INFO:root:ERROR clicking arrows or running populate functions
INFO:root:ERROR clicking arrows or running populate functions
INFO:root:ERROR selecting day
INFO:root:ERROR selecting day
INFO:root:ERROR selecting moneyline, full game, etc.
INFO:root:ERROR selecting day
INFO:root:ERROR selecting day
INFO:root:ERROR selecting day
INFO:root:ERROR selecting day
INFO:root:ERROR selecting day
INFO:root:ERROR selecting day
INFO:root:ERROR selecting day
INFO:root:ERROR selecting moneyline, full game, etc.
INFO:root:ERROR selecting day
INFO:root:ERROR selecting day
INFO:root:ERROR selecting day
INFO:root:ERROR selecting day
INFO:root:ERROR selecting day
INFO:root:ERROR selecting day
INFO:root:ERROR selecting day
INFO:root:ERROR selecting moneyline, full game, etc.
INFO:root:ERROR selecting moneyline, full game, etc.
INFO:root:ERROR selecting moneyline, full game, etc.
INFO:root:ERROR selecting day
INFO:root:
 ====== sportsbooksreview.com/betting-odds/nba-basketball SCRAPING ====== 

INFO:root:ERROR selecting day
INFO:root:ERROR selecting day
INFO:root:ERROR selecting day
INFO:root:ERROR selecting day
INFO:root:ERROR selecting day
INFO:root:ERROR selecting day
INFO:root:ERROR selecting day
INFO:root:ERROR selecting day
INFO:root:ERROR selecting day
INFO:root:ERROR selecting moneyline, full game, etc.
INFO:root:ERROR selecting moneyline, full game, etc.
INFO:root:ERROR selecting moneyline, full game, etc.
INFO:root:ERROR selecting moneyline, full game, etc.
INFO:root:ERROR selecting moneyline, full game, etc.
INFO:root:ERROR selecting moneyline, full game, etc.
INFO:root:ERROR selecting moneyline, full game, etc.
INFO:root:ERROR selecting moneyline, full game, etc.
INFO:root:ERROR selecting moneyline, full game, etc.
INFO:root:ERROR selecting moneyline, full game, etc.
INFO:root:ERROR selecting moneyline, full game, etc.
INFO:root:ERROR selecting moneyline, full game, etc.
INFO:root:ERROR selecting moneyline, full game, etc.
INFO:root:ERROR selecting moneyline, full game, etc.
INFO:root:ERROR selecting moneyline, full game, etc.
INFO:root:Scraping Wed Jan 16, 2019.....
INFO:root:ERROR clicking arrows or running populate functions
INFO:root:Scraping Tue Jan 15, 2019.....
INFO:root:ERROR clicking arrows or running populate functions
INFO:root:Scraping Mon Jan 14, 2019.....
INFO:root:ERROR clicking arrows or running populate functions
INFO:root:Scraping Sun Jan 13, 2019.....
INFO:root:Scraping Sat Jan 12, 2019.....
INFO:root:Scraping Fri Jan 11, 2019.....
INFO:root:Scraping Thu Jan 10, 2019.....
INFO:root:Scraping Wed Jan 09, 2019.....
INFO:root:Scraping Tue Jan 08, 2019.....
INFO:root:Scraping Mon Jan 07, 2019.....
INFO:root:Scraping Sun Jan 06, 2019.....
INFO:root:Scraping Sat Jan 05, 2019.....
INFO:root:Scraping Fri Jan 04, 2019.....
INFO:root:Scraping Thu Jan 03, 2019.....
INFO:root:Scraping Wed Jan 02, 2019.....
INFO:root:Scraping Tue Jan 01, 2019.....
INFO:root:ERROR selecting day
INFO:root:ERROR selecting day
INFO:root:ERROR selecting day
INFO:root:ERROR selecting day
INFO:root:ERROR selecting day
INFO:root:ERROR selecting day
INFO:root:ERROR selecting day
INFO:root:Scraping Mon Dec 31, 2018.....
INFO:root:Scraping Sun Dec 30, 2018.....
INFO:root:Scraping Sat Dec 29, 2018.....
INFO:root:Scraping Fri Dec 28, 2018.....
INFO:root:Scraping Thu Dec 27, 2018.....
INFO:root:Scraping Wed Dec 26, 2018.....
INFO:root:Scraping Tue Dec 25, 2018.....
INFO:root:ERROR selecting moneyline, full game, etc.
INFO:root:Scraping Sun Dec 23, 2018.....
INFO:root:Scraping Sat Dec 22, 2018.....
INFO:root:Scraping Fri Dec 21, 2018.....
INFO:root:Scraping Thu Dec 20, 2018.....
INFO:root:Scraping Wed Dec 19, 2018.....
INFO:root:Scraping Tue Dec 18, 2018.....
INFO:root:Scraping Mon Dec 17, 2018.....
INFO:root:Scraping Sun Dec 16, 2018.....
INFO:root:Scraping Sat Dec 15, 2018.....
INFO:root:Scraping Fri Dec 14, 2018.....
INFO:root:Scraping Thu Dec 13, 2018.....
INFO:root:Scraping Wed Dec 12, 2018.....
INFO:root:Scraping Tue Dec 11, 2018.....
INFO:root:Scraping Mon Dec 10, 2018.....
INFO:root:Scraping Sun Dec 09, 2018.....
INFO:root:Scraping Sat Dec 08, 2018.....
INFO:root:Scraping Fri Dec 07, 2018.....
INFO:root:Scraping Thu Dec 06, 2018.....
INFO:root:Scraping Wed Dec 05, 2018.....
INFO:root:Scraping Tue Dec 04, 2018.....
INFO:root:Scraping Mon Dec 03, 2018.....
INFO:root:Scraping Sun Dec 02, 2018.....
INFO:root:Scraping Sat Dec 01, 2018.....
INFO:root:ERROR selecting day
INFO:root:ERROR selecting day
INFO:root:ERROR selecting day
INFO:root:ERROR selecting day
INFO:root:ERROR selecting day
INFO:root:ERROR selecting day
INFO:root:ERROR selecting day
INFO:root:ERROR selecting day
INFO:root:ERROR selecting day
INFO:root:ERROR selecting day
INFO:root:ERROR selecting day
INFO:root:ERROR selecting day
INFO:root:ERROR selecting day
INFO:root:ERROR selecting day
INFO:root:Scraping Fri Nov 30, 2018.....
INFO:root:Scraping Thu Nov 29, 2018.....
INFO:root:Scraping Wed Nov 28, 2018.....
INFO:root:Scraping Tue Nov 27, 2018.....
INFO:root:Scraping Mon Nov 26, 2018.....
INFO:root:Scraping Sun Nov 25, 2018.....
INFO:root:Scraping Sat Nov 24, 2018.....
INFO:root:Scraping Fri Nov 23, 2018.....
INFO:root:ERROR selecting moneyline, full game, etc.
INFO:root:Scraping Wed Nov 21, 2018.....
INFO:root:Scraping Tue Nov 20, 2018.....
INFO:root:Scraping Mon Nov 19, 2018.....
INFO:root:Scraping Sun Nov 18, 2018.....
INFO:root:Scraping Sat Nov 17, 2018.....
INFO:root:Scraping Fri Nov 16, 2018.....
INFO:root:Scraping Thu Nov 15, 2018.....
INFO:root:Scraping Wed Nov 14, 2018.....
INFO:root:Scraping Tue Nov 13, 2018.....
INFO:root:Scraping Mon Nov 12, 2018.....
INFO:root:Scraping Sun Nov 11, 2018.....
INFO:root:Scraping Sat Nov 10, 2018.....
INFO:root:Scraping Fri Nov 09, 2018.....
INFO:root:Scraping Thu Nov 08, 2018.....
INFO:root:Scraping Wed Nov 07, 2018.....
INFO:root:Scraping Tue Nov 06, 2018.....
INFO:root:Scraping Mon Nov 05, 2018.....
INFO:root:Scraping Sun Nov 04, 2018.....
INFO:root:Scraping Sat Nov 03, 2018.....
INFO:root:Scraping Fri Nov 02, 2018.....
INFO:root:Scraping Thu Nov 01, 2018.....
INFO:root:ERROR selecting day
INFO:root:ERROR selecting day
INFO:root:ERROR selecting day
INFO:root:ERROR selecting day
INFO:root:ERROR selecting day
INFO:root:ERROR selecting day
INFO:root:ERROR selecting day
INFO:root:ERROR selecting day
INFO:root:ERROR selecting day
INFO:root:ERROR selecting day
INFO:root:ERROR selecting day
INFO:root:ERROR selecting day
INFO:root:ERROR selecting day
INFO:root:ERROR selecting day
INFO:root:Scraping Wed Oct 31, 2018.....
INFO:root:Scraping Tue Oct 30, 2018.....
INFO:root:Scraping Mon Oct 29, 2018.....
INFO:root:Scraping Sun Oct 28, 2018.....
INFO:root:Scraping Sat Oct 27, 2018.....
INFO:root:Scraping Fri Oct 26, 2018.....
INFO:root:Scraping Thu Oct 25, 2018.....
INFO:root:Scraping Wed Oct 24, 2018.....
INFO:root:Scraping Tue Oct 23, 2018.....
INFO:root:Scraping Mon Oct 22, 2018.....
INFO:root:Scraping Sun Oct 21, 2018.....
INFO:root:Scraping Sat Oct 20, 2018.....
INFO:root:Scraping Fri Oct 19, 2018.....
INFO:root:Scraping Thu Oct 18, 2018.....
INFO:root:Scraping Wed Oct 17, 2018.....
INFO:root:Scraping Tue Oct 16, 2018.....
INFO:root:ERROR selecting moneyline, full game, etc.
INFO:root:ERROR selecting moneyline, full game, etc.
INFO:root:ERROR selecting moneyline, full game, etc.
INFO:root:Scraping Fri Oct 12, 2018.....
INFO:root:Scraping Thu Oct 11, 2018.....
INFO:root:Scraping Wed Oct 10, 2018.....
INFO:root:Scraping Tue Oct 09, 2018.....
INFO:root:Scraping Mon Oct 08, 2018.....
INFO:root:Scraping Sun Oct 07, 2018.....
INFO:root:Scraping Sat Oct 06, 2018.....
INFO:root:Scraping Fri Oct 05, 2018.....
INFO:root:Scraping Thu Oct 04, 2018.....
INFO:root:Scraping Wed Oct 03, 2018.....
INFO:root:Scraping Tue Oct 02, 2018.....
INFO:root:Scraping Mon Oct 01, 2018.....
INFO:root:ERROR selecting day
INFO:root:ERROR selecting day
INFO:root:ERROR selecting day
INFO:root:ERROR selecting day
INFO:root:ERROR selecting day
INFO:root:ERROR selecting day
INFO:root:ERROR selecting day
INFO:root:Scraping Sun Sep 30, 2018.....
INFO:root:Scraping Sat Sep 29, 2018.....
INFO:root:Scraping Fri Sep 28, 2018.....
INFO:root:ERROR selecting moneyline, full game, etc.
INFO:root:ERROR selecting moneyline, full game, etc.
INFO:root:ERROR selecting moneyline, full game, etc.
INFO:root:ERROR selecting moneyline, full game, etc.
INFO:root:ERROR selecting moneyline, full game, etc.
INFO:root:ERROR selecting moneyline, full game, etc.
INFO:root:ERROR selecting moneyline, full game, etc.
INFO:root:ERROR selecting moneyline, full game, etc.
INFO:root:ERROR selecting moneyline, full game, etc.
INFO:root:ERROR selecting moneyline, full game, etc.
INFO:root:ERROR selecting moneyline, full game, etc.
INFO:root:ERROR selecting moneyline, full game, etc.
INFO:root:ERROR selecting moneyline, full game, etc.
INFO:root:ERROR selecting moneyline, full game, etc.
INFO:root:ERROR selecting moneyline, full game, etc.
INFO:root:ERROR selecting moneyline, full game, etc.
INFO:root:ERROR selecting moneyline, full game, etc.
INFO:root:ERROR selecting moneyline, full game, etc.
INFO:root:ERROR selecting moneyline, full game, etc.
INFO:root:ERROR selecting moneyline, full game, etc.
INFO:root:ERROR selecting moneyline, full game, etc.
INFO:root:ERROR selecting moneyline, full game, etc.
INFO:root:ERROR selecting moneyline, full game, etc.
INFO:root:ERROR selecting moneyline, full game, etc.
INFO:root:ERROR selecting moneyline, full game, etc.
INFO:root:ERROR selecting moneyline, full game, etc.
INFO:root:ERROR selecting moneyline, full game, etc.
INFO:root:ERROR selecting day
INFO:root:ERROR selecting day
INFO:root:ERROR selecting day
INFO:root:ERROR selecting day
INFO:root:ERROR selecting day
INFO:root:ERROR selecting day
INFO:root:ERROR selecting day
INFO:root:ERROR selecting day
INFO:root:ERROR selecting day
INFO:root:ERROR selecting day
INFO:root:ERROR selecting day
INFO:root:ERROR selecting day
INFO:root:ERROR selecting day
INFO:root:ERROR selecting day
INFO:root:ERROR selecting moneyline, full game, etc.
INFO:root:ERROR selecting moneyline, full game, etc.
INFO:root:ERROR selecting moneyline, full game, etc.
INFO:root:ERROR selecting moneyline, full game, etc.
INFO:root:ERROR selecting moneyline, full game, etc.
INFO:root:ERROR selecting moneyline, full game, etc.
INFO:root:ERROR selecting moneyline, full game, etc.
INFO:root:ERROR selecting moneyline, full game, etc.
INFO:root:ERROR selecting moneyline, full game, etc.
INFO:root:ERROR selecting moneyline, full game, etc.
INFO:root:ERROR selecting moneyline, full game, etc.
INFO:root:ERROR selecting moneyline, full game, etc.
INFO:root:ERROR selecting moneyline, full game, etc.
INFO:root:ERROR selecting moneyline, full game, etc.
INFO:root:ERROR selecting moneyline, full game, etc.
INFO:root:ERROR selecting moneyline, full game, etc.
INFO:root:ERROR selecting moneyline, full game, etc.
INFO:root:ERROR selecting moneyline, full game, etc.
INFO:root:ERROR selecting moneyline, full game, etc.
INFO:root:ERROR selecting moneyline, full game, etc.
INFO:root:ERROR selecting moneyline, full game, etc.
INFO:root:ERROR selecting moneyline, full game, etc.
INFO:root:ERROR selecting moneyline, full game, etc.
INFO:root:ERROR selecting moneyline, full game, etc.
INFO:root:ERROR selecting moneyline, full game, etc.
INFO:root:ERROR selecting moneyline, full game, etc.
INFO:root:ERROR selecting moneyline, full game, etc.
INFO:root:Scraping Sat Aug 04, 2018.....
INFO:root:ERROR selecting moneyline, full game, etc.
INFO:root:ERROR selecting moneyline, full game, etc.
INFO:root:ERROR selecting moneyline, full game, etc.
INFO:root:ERROR selecting day
INFO:root:ERROR selecting day
INFO:root:ERROR selecting day
INFO:root:ERROR selecting day
INFO:root:ERROR selecting day
INFO:root:ERROR selecting day
INFO:root:ERROR selecting day
INFO:root:ERROR selecting day
INFO:root:ERROR selecting day
INFO:root:ERROR selecting day
INFO:root:ERROR selecting day
INFO:root:ERROR selecting day
INFO:root:ERROR selecting day
INFO:root:ERROR selecting day
INFO:root:ERROR selecting moneyline, full game, etc.
INFO:root:ERROR selecting moneyline, full game, etc.
INFO:root:ERROR selecting moneyline, full game, etc.
INFO:root:ERROR selecting moneyline, full game, etc.
INFO:root:ERROR selecting moneyline, full game, etc.
INFO:root:ERROR selecting moneyline, full game, etc.
INFO:root:ERROR selecting moneyline, full game, etc.
INFO:root:ERROR selecting moneyline, full game, etc.
INFO:root:ERROR selecting moneyline, full game, etc.
INFO:root:ERROR selecting moneyline, full game, etc.
INFO:root:ERROR selecting moneyline, full game, etc.
INFO:root:ERROR selecting moneyline, full game, etc.
INFO:root:ERROR selecting moneyline, full game, etc.
INFO:root:ERROR selecting moneyline, full game, etc.
INFO:root:ERROR selecting moneyline, full game, etc.
INFO:root:ERROR selecting moneyline, full game, etc.
INFO:root:ERROR selecting moneyline, full game, etc.
INFO:root:ERROR selecting moneyline, full game, etc.
INFO:root:ERROR selecting moneyline, full game, etc.
INFO:root:ERROR selecting moneyline, full game, etc.
INFO:root:ERROR selecting moneyline, full game, etc.
INFO:root:ERROR selecting moneyline, full game, etc.
INFO:root:ERROR selecting moneyline, full game, etc.
INFO:root:ERROR selecting moneyline, full game, etc.
INFO:root:ERROR selecting moneyline, full game, etc.
INFO:root:ERROR selecting moneyline, full game, etc.
INFO:root:ERROR selecting moneyline, full game, etc.
INFO:root:ERROR selecting moneyline, full game, etc.
INFO:root:ERROR selecting moneyline, full game, etc.
INFO:root:ERROR selecting moneyline, full game, etc.
INFO:root:ERROR selecting moneyline, full game, etc.
INFO:root:ERROR selecting day
INFO:root:ERROR selecting day
INFO:root:ERROR selecting day
INFO:root:ERROR selecting day
INFO:root:ERROR selecting day
INFO:root:ERROR selecting day
INFO:root:ERROR selecting day
INFO:root:ERROR selecting moneyline, full game, etc.
INFO:root:ERROR selecting moneyline, full game, etc.
INFO:root:ERROR selecting moneyline, full game, etc.
INFO:root:ERROR selecting moneyline, full game, etc.
INFO:root:ERROR selecting moneyline, full game, etc.
INFO:root:ERROR selecting moneyline, full game, etc.
INFO:root:ERROR selecting moneyline, full game, etc.
INFO:root:ERROR selecting moneyline, full game, etc.
INFO:root:ERROR selecting moneyline, full game, etc.
INFO:root:ERROR selecting moneyline, full game, etc.
INFO:root:ERROR selecting moneyline, full game, etc.
INFO:root:ERROR selecting moneyline, full game, etc.
INFO:root:ERROR selecting moneyline, full game, etc.
INFO:root:ERROR selecting moneyline, full game, etc.
INFO:root:ERROR selecting moneyline, full game, etc.
INFO:root:ERROR selecting moneyline, full game, etc.
INFO:root:ERROR selecting moneyline, full game, etc.
INFO:root:ERROR selecting moneyline, full game, etc.
INFO:root:ERROR selecting moneyline, full game, etc.
INFO:root:ERROR selecting moneyline, full game, etc.
INFO:root:ERROR selecting moneyline, full game, etc.
INFO:root:ERROR selecting moneyline, full game, etc.
INFO:root:Scraping Fri Jun 08, 2018.....
INFO:root:ERROR selecting moneyline, full game, etc.
INFO:root:Scraping Wed Jun 06, 2018.....
INFO:root:ERROR selecting moneyline, full game, etc.
INFO:root:ERROR selecting moneyline, full game, etc.
INFO:root:Scraping Sun Jun 03, 2018.....
INFO:root:ERROR selecting moneyline, full game, etc.
INFO:root:ERROR selecting moneyline, full game, etc.
INFO:root:ERROR selecting day
INFO:root:ERROR selecting day
INFO:root:ERROR selecting day
INFO:root:ERROR selecting day
INFO:root:ERROR selecting day
INFO:root:ERROR selecting day
INFO:root:ERROR selecting day
INFO:root:ERROR selecting day
INFO:root:ERROR selecting day
INFO:root:ERROR selecting day
INFO:root:ERROR selecting day
INFO:root:ERROR selecting day
INFO:root:ERROR selecting day
INFO:root:ERROR selecting day
INFO:root:Scraping Thu May 31, 2018.....
INFO:root:ERROR selecting moneyline, full game, etc.
INFO:root:ERROR selecting moneyline, full game, etc.
INFO:root:Scraping Mon May 28, 2018.....
INFO:root:Scraping Sun May 27, 2018.....
INFO:root:Scraping Sat May 26, 2018.....
INFO:root:Scraping Fri May 25, 2018.....
INFO:root:Scraping Thu May 24, 2018.....
INFO:root:Scraping Wed May 23, 2018.....
INFO:root:Scraping Tue May 22, 2018.....
INFO:root:Scraping Mon May 21, 2018.....
INFO:root:Scraping Sun May 20, 2018.....
INFO:root:Scraping Sat May 19, 2018.....
INFO:root:ERROR selecting moneyline, full game, etc.
INFO:root:ERROR selecting moneyline, full game, etc.
INFO:root:Scraping Wed May 16, 2018.....
INFO:root:Scraping Tue May 15, 2018.....
INFO:root:Scraping Mon May 14, 2018.....
INFO:root:Scraping Sun May 13, 2018.....
INFO:root:ERROR selecting moneyline, full game, etc.
INFO:root:ERROR selecting moneyline, full game, etc.
INFO:root:ERROR selecting moneyline, full game, etc.
INFO:root:Scraping Wed May 09, 2018.....
INFO:root:Scraping Tue May 08, 2018.....
INFO:root:Scraping Mon May 07, 2018.....
INFO:root:Scraping Sun May 06, 2018.....
INFO:root:Scraping Sat May 05, 2018.....
INFO:root:Scraping Fri May 04, 2018.....
INFO:root:Scraping Thu May 03, 2018.....
INFO:root:Scraping Wed May 02, 2018.....
INFO:root:Scraping Tue May 01, 2018.....
INFO:root:ERROR selecting day
INFO:root:ERROR selecting day
INFO:root:ERROR selecting day
INFO:root:ERROR selecting day
INFO:root:ERROR selecting day
INFO:root:ERROR selecting day
INFO:root:ERROR selecting day
INFO:root:ERROR selecting day
INFO:root:ERROR selecting day
INFO:root:ERROR selecting day
INFO:root:ERROR selecting day
INFO:root:ERROR selecting day
INFO:root:ERROR selecting day
INFO:root:ERROR selecting day
INFO:root:Scraping Mon Apr 30, 2018.....
INFO:root:Scraping Sun Apr 29, 2018.....
INFO:root:Scraping Sat Apr 28, 2018.....
INFO:root:Scraping Fri Apr 27, 2018.....
INFO:root:Scraping Thu Apr 26, 2018.....
INFO:root:Scraping Wed Apr 25, 2018.....
INFO:root:Scraping Tue Apr 24, 2018.....
INFO:root:Scraping Mon Apr 23, 2018.....
INFO:root:Scraping Sun Apr 22, 2018.....
INFO:root:Scraping Sat Apr 21, 2018.....
INFO:root:Scraping Fri Apr 20, 2018.....
INFO:root:Scraping Thu Apr 19, 2018.....
INFO:root:Scraping Wed Apr 18, 2018.....
INFO:root:Scraping Tue Apr 17, 2018.....
INFO:root:Scraping Mon Apr 16, 2018.....
INFO:root:Scraping Sun Apr 15, 2018.....
INFO:root:Scraping Sat Apr 14, 2018.....
INFO:root:ERROR selecting moneyline, full game, etc.
INFO:root:ERROR selecting moneyline, full game, etc.
INFO:root:Scraping Wed Apr 11, 2018.....
INFO:root:Scraping Tue Apr 10, 2018.....
INFO:root:Scraping Mon Apr 09, 2018.....
INFO:root:Scraping Sun Apr 08, 2018.....
INFO:root:Scraping Sat Apr 07, 2018.....
INFO:root:Scraping Fri Apr 06, 2018.....
INFO:root:Scraping Thu Apr 05, 2018.....
INFO:root:Scraping Wed Apr 04, 2018.....
INFO:root:Scraping Tue Apr 03, 2018.....
INFO:root:ERROR selecting moneyline, full game, etc.
INFO:root:Scraping Sun Apr 01, 2018.....
INFO:root:ERROR selecting calendar
INFO:root:ERROR selecting calendar
INFO:root:ERROR selecting calendar
INFO:root:ERROR selecting calendar
INFO:root:ERROR selecting calendar
INFO:root:ERROR selecting calendar
INFO:root:ERROR selecting calendar
INFO:root:ERROR selecting calendar
INFO:root:ERROR selecting calendar
INFO:root:ERROR selecting calendar
INFO:root:ERROR selecting calendar
INFO:root:ERROR selecting calendar
INFO:root:ERROR selecting calendar
INFO:root:ERROR selecting calendar
INFO:root:ERROR selecting calendar
INFO:root:ERROR selecting calendar
INFO:root:ERROR selecting calendar
INFO:root:ERROR selecting calendar
INFO:root:ERROR selecting calendar
INFO:root:ERROR selecting calendar
INFO:root:ERROR selecting calendar
INFO:root:ERROR selecting calendar
INFO:root:ERROR selecting calendar
INFO:root:ERROR selecting calendar
INFO:root:ERROR selecting calendar
INFO:root:ERROR selecting calendar
INFO:root:ERROR selecting calendar
INFO:root:ERROR selecting calendar
INFO:root:ERROR selecting calendar
INFO:root:ERROR selecting calendar
INFO:root:ERROR selecting calendar
INFO:root:ERROR selecting calendar
INFO:root:ERROR selecting calendar
INFO:root:ERROR selecting calendar
INFO:root:ERROR selecting calendar
INFO:root:ERROR selecting calendar
INFO:root:ERROR selecting calendar
INFO:root:ERROR selecting calendar
INFO:root:ERROR selecting calendar
INFO:root:ERROR selecting calendar
INFO:root:ERROR selecting calendar
INFO:root:ERROR selecting calendar
INFO:root:ERROR selecting calendar
INFO:root:ERROR selecting calendar
INFO:root:ERROR selecting calendar
INFO:root:ERROR selecting calendar
INFO:root:ERROR selecting calendar
INFO:root:ERROR selecting calendar
INFO:root:ERROR selecting calendar
INFO:root:ERROR selecting calendar
INFO:root:ERROR selecting calendar
INFO:root:ERROR selecting calendar
INFO:root:ERROR selecting calendar
INFO:root:ERROR selecting calendar
INFO:root:ERROR selecting calendar
INFO:root:ERROR selecting calendar
INFO:root:ERROR selecting calendar
INFO:root:ERROR selecting calendar
INFO:root:ERROR selecting calendar
INFO:root:ERROR selecting calendar
INFO:root:ERROR selecting calendar
INFO:root:ERROR selecting calendar
INFO:root:ERROR selecting calendar
INFO:root:ERROR selecting calendar
INFO:root:ERROR selecting calendar
INFO:root:ERROR selecting calendar
INFO:root:ERROR selecting calendar
INFO:root:ERROR selecting calendar
INFO:root:ERROR selecting calendar
INFO:root:ERROR selecting calendar
INFO:root:ERROR selecting calendar
INFO:root:ERROR selecting calendar
INFO:root:ERROR selecting calendar
INFO:root:ERROR selecting calendar
INFO:root:ERROR selecting calendar
INFO:root:ERROR selecting calendar
INFO:root:ERROR selecting calendar
INFO:root:ERROR selecting calendar
INFO:root:ERROR selecting calendar
INFO:root:ERROR selecting calendar
INFO:root:ERROR selecting calendar
INFO:root:ERROR selecting calendar
INFO:root:ERROR selecting calendar
INFO:root:ERROR selecting calendar
INFO:root:
 ====== sportsbooksreview.com/betting-odds/nba-basketball SCRAPING ====== 

INFO:root:ERROR selecting day
INFO:root:ERROR selecting day
INFO:root:ERROR selecting day
INFO:root:ERROR selecting day
INFO:root:ERROR selecting day
INFO:root:ERROR selecting day
INFO:root:ERROR selecting day
INFO:root:ERROR selecting day
INFO:root:ERROR selecting day
INFO:root:ERROR selecting moneyline, full game, etc.
INFO:root:ERROR selecting moneyline, full game, etc.
INFO:root:ERROR selecting moneyline, full game, etc.
INFO:root:ERROR selecting moneyline, full game, etc.
INFO:root:ERROR selecting moneyline, full game, etc.
INFO:root:ERROR selecting moneyline, full game, etc.
INFO:root:ERROR selecting moneyline, full game, etc.
INFO:root:ERROR selecting moneyline, full game, etc.
INFO:root:ERROR selecting moneyline, full game, etc.
INFO:root:ERROR selecting moneyline, full game, etc.
INFO:root:ERROR selecting moneyline, full game, etc.
INFO:root:ERROR selecting moneyline, full game, etc.
INFO:root:ERROR selecting moneyline, full game, etc.
INFO:root:ERROR selecting moneyline, full game, etc.
INFO:root:ERROR selecting moneyline, full game, etc.
INFO:root:Scraping Wed Jan 16, 2019.....
INFO:root:ERROR clicking arrows or running populate functions
INFO:root:Scraping Tue Jan 15, 2019.....
INFO:root:ERROR clicking arrows or running populate functions
INFO:root:Scraping Mon Jan 14, 2019.....
INFO:root:Scraping Sun Jan 13, 2019.....
INFO:root:Scraping Sat Jan 12, 2019.....
INFO:root:Scraping Fri Jan 11, 2019.....
INFO:root:Scraping Thu Jan 10, 2019.....
INFO:root:Scraping Wed Jan 09, 2019.....
INFO:root:Scraping Tue Jan 08, 2019.....
INFO:root:Scraping Mon Jan 07, 2019.....
INFO:root:Scraping Sun Jan 06, 2019.....
INFO:root:Scraping Sat Jan 05, 2019.....
INFO:root:Scraping Fri Jan 04, 2019.....
INFO:root:Scraping Thu Jan 03, 2019.....
INFO:root:Scraping Wed Jan 02, 2019.....
INFO:root:Scraping Tue Jan 01, 2019.....
INFO:root:ERROR selecting day
INFO:root:ERROR selecting day
INFO:root:ERROR selecting day
INFO:root:ERROR selecting day
INFO:root:ERROR selecting day
INFO:root:ERROR selecting day
INFO:root:ERROR selecting day
INFO:root:Scraping Mon Dec 31, 2018.....
INFO:root:Scraping Sun Dec 30, 2018.....
INFO:root:Scraping Sat Dec 29, 2018.....
INFO:root:Scraping Fri Dec 28, 2018.....
INFO:root:Scraping Thu Dec 27, 2018.....
INFO:root:Scraping Wed Dec 26, 2018.....
INFO:root:Scraping Tue Dec 25, 2018.....
INFO:root:ERROR selecting moneyline, full game, etc.
INFO:root:Scraping Sun Dec 23, 2018.....
INFO:root:Scraping Sat Dec 22, 2018.....
INFO:root:Scraping Fri Dec 21, 2018.....
INFO:root:ERROR clicking arrows or running populate functions
INFO:root:ERROR selecting calendar
INFO:root:ERROR selecting calendar
INFO:root:ERROR selecting calendar
INFO:root:ERROR selecting calendar
INFO:root:ERROR selecting calendar
INFO:root:ERROR selecting calendar
INFO:root:ERROR selecting calendar
INFO:root:ERROR selecting calendar
INFO:root:ERROR selecting calendar
INFO:root:ERROR selecting calendar
INFO:root:ERROR selecting calendar
INFO:root:ERROR selecting calendar
INFO:root:ERROR selecting calendar
INFO:root:ERROR selecting calendar
INFO:root:ERROR selecting calendar
INFO:root:ERROR selecting calendar
INFO:root:ERROR selecting calendar
INFO:root:ERROR selecting calendar
INFO:root:ERROR selecting calendar
INFO:root:ERROR selecting calendar
INFO:root:ERROR selecting calendar
INFO:root:ERROR selecting calendar
INFO:root:ERROR selecting calendar
INFO:root:ERROR selecting calendar
INFO:root:ERROR selecting calendar
INFO:root:
 ====== sportsbooksreview.com/betting-odds/nba-basketball SCRAPING ====== 

INFO:root:ERROR selecting day
INFO:root:ERROR selecting day
INFO:root:ERROR selecting day
INFO:root:ERROR selecting day
INFO:root:ERROR selecting day
INFO:root:ERROR selecting day
INFO:root:ERROR selecting day
INFO:root:ERROR selecting day
INFO:root:ERROR selecting day
INFO:root:ERROR selecting moneyline, full game, etc.
INFO:root:ERROR selecting moneyline, full game, etc.
INFO:root:ERROR selecting moneyline, full game, etc.
INFO:root:ERROR selecting moneyline, full game, etc.
INFO:root:ERROR selecting moneyline, full game, etc.
INFO:root:ERROR selecting moneyline, full game, etc.
INFO:root:ERROR selecting moneyline, full game, etc.
INFO:root:ERROR selecting moneyline, full game, etc.
INFO:root:ERROR selecting moneyline, full game, etc.
INFO:root:ERROR selecting moneyline, full game, etc.
INFO:root:ERROR selecting moneyline, full game, etc.
INFO:root:ERROR selecting moneyline, full game, etc.
INFO:root:ERROR selecting moneyline, full game, etc.
INFO:root:ERROR selecting moneyline, full game, etc.
INFO:root:ERROR selecting moneyline, full game, etc.
INFO:root:Scraping Wed Jan 16, 2019.....
INFO:root:ERROR clicking arrows or running populate functions
INFO:root:Scraping Tue Jan 15, 2019.....
INFO:root:ERROR clicking arrows or running populate functions
INFO:root:Scraping Mon Jan 14, 2019.....
INFO:root:ERROR selecting day
INFO:root:ERROR selecting day
INFO:root:ERROR selecting day
INFO:root:ERROR selecting day
INFO:root:ERROR selecting day
INFO:root:ERROR selecting day
INFO:root:ERROR selecting day
INFO:root:ERROR selecting day
INFO:root:ERROR selecting day
INFO:root:ERROR selecting day
INFO:root:ERROR selecting day
INFO:root:ERROR selecting day
INFO:root:ERROR selecting day
INFO:root:ERROR selecting day
INFO:root:ERROR selecting day
INFO:root:ERROR selecting day
INFO:root:ERROR selecting day
INFO:root:ERROR selecting day
INFO:root:ERROR selecting day
INFO:root:ERROR selecting day
INFO:root:ERROR selecting day
INFO:root:ERROR selecting day
INFO:root:ERROR selecting day
INFO:root:ERROR selecting day
INFO:root:Scraping Thu May 31, 2018.....
INFO:root:ERROR selecting moneyline, full game, etc.
INFO:root:ERROR selecting moneyline, full game, etc.
INFO:root:Scraping Mon May 28, 2018.....
INFO:root:Scraping Sun May 27, 2018.....
INFO:root:Scraping Sat May 26, 2018.....
INFO:root:Scraping Fri May 25, 2018.....
INFO:root:Scraping Thu May 24, 2018.....
INFO:root:Scraping Wed May 23, 2018.....
INFO:root:Scraping Tue May 22, 2018.....
INFO:root:Scraping Mon May 21, 2018.....
INFO:root:Scraping Sun May 20, 2018.....
INFO:root:Scraping Sat May 19, 2018.....
INFO:root:ERROR selecting moneyline, full game, etc.
INFO:root:ERROR selecting moneyline, full game, etc.
INFO:root:Scraping Wed May 16, 2018.....
INFO:root:Scraping Tue May 15, 2018.....
INFO:root:Scraping Mon May 14, 2018.....
INFO:root:Scraping Sun May 13, 2018.....
INFO:root:ERROR selecting moneyline, full game, etc.
INFO:root:ERROR selecting moneyline, full game, etc.
INFO:root:ERROR selecting moneyline, full game, etc.
INFO:root:Scraping Wed May 09, 2018.....
INFO:root:Scraping Tue May 08, 2018.....
INFO:root:Scraping Mon May 07, 2018.....
INFO:root:Scraping Sun May 06, 2018.....
INFO:root:Scraping Sat May 05, 2018.....
INFO:root:Scraping Fri May 04, 2018.....
INFO:root:Scraping Thu May 03, 2018.....
INFO:root:Scraping Wed May 02, 2018.....
INFO:root:Scraping Tue May 01, 2018.....
INFO:root:ERROR selecting day
INFO:root:ERROR selecting day
INFO:root:ERROR selecting day
INFO:root:ERROR selecting day
INFO:root:ERROR selecting day
INFO:root:ERROR selecting day
INFO:root:ERROR selecting day
INFO:root:ERROR selecting day
INFO:root:ERROR selecting day
INFO:root:ERROR selecting day
INFO:root:ERROR selecting day
INFO:root:ERROR selecting day
INFO:root:ERROR selecting day
INFO:root:ERROR selecting day
INFO:root:Scraping Mon Apr 30, 2018.....
INFO:root:Scraping Sun Apr 29, 2018.....
INFO:root:Scraping Sat Apr 28, 2018.....
INFO:root:Scraping Fri Apr 27, 2018.....
INFO:root:Scraping Thu Apr 26, 2018.....
INFO:root:Scraping Wed Apr 25, 2018.....
INFO:root:Scraping Tue Apr 24, 2018.....
INFO:root:Scraping Mon Apr 23, 2018.....
INFO:root:Scraping Sun Apr 22, 2018.....
INFO:root:Scraping Sat Apr 21, 2018.....
INFO:root:Scraping Fri Apr 20, 2018.....
INFO:root:Scraping Thu Apr 19, 2018.....
INFO:root:Scraping Wed Apr 18, 2018.....
INFO:root:Scraping Tue Apr 17, 2018.....
INFO:root:Scraping Mon Apr 16, 2018.....
INFO:root:Scraping Sun Apr 15, 2018.....
INFO:root:Scraping Sat Apr 14, 2018.....
INFO:root:ERROR selecting moneyline, full game, etc.
INFO:root:ERROR selecting moneyline, full game, etc.
INFO:root:Scraping Wed Apr 11, 2018.....
INFO:root:Scraping Tue Apr 10, 2018.....
INFO:root:Scraping Mon Apr 09, 2018.....
INFO:root:Scraping Sun Apr 08, 2018.....
INFO:root:Scraping Sat Apr 07, 2018.....
INFO:root:Scraping Fri Apr 06, 2018.....
INFO:root:Scraping Thu Apr 05, 2018.....
INFO:root:Scraping Wed Apr 04, 2018.....
INFO:root:Scraping Tue Apr 03, 2018.....
INFO:root:ERROR selecting moneyline, full game, etc.
INFO:root:Scraping Sun Apr 01, 2018.....
INFO:root:ERROR selecting day
INFO:root:ERROR selecting day
INFO:root:ERROR selecting day
INFO:root:ERROR selecting day
INFO:root:ERROR selecting day
INFO:root:ERROR selecting day
INFO:root:ERROR selecting day
INFO:root:Scraping Sat Mar 31, 2018.....
INFO:root:Scraping Fri Mar 30, 2018.....
INFO:root:Scraping Thu Mar 29, 2018.....
INFO:root:Scraping Wed Mar 28, 2018.....
INFO:root:Scraping Tue Mar 27, 2018.....
INFO:root:Scraping Mon Mar 26, 2018.....
INFO:root:Scraping Sun Mar 25, 2018.....
INFO:root:Scraping Sat Mar 24, 2018.....
INFO:root:Scraping Fri Mar 23, 2018.....
INFO:root:Scraping Thu Mar 22, 2018.....
INFO:root:Scraping Wed Mar 21, 2018.....
INFO:root:Scraping Tue Mar 20, 2018.....
INFO:root:Scraping Mon Mar 19, 2018.....
INFO:root:Scraping Sun Mar 18, 2018.....
INFO:root:Scraping Sat Mar 17, 2018.....
INFO:root:Scraping Fri Mar 16, 2018.....
INFO:root:Scraping Thu Mar 15, 2018.....
INFO:root:Scraping Wed Mar 14, 2018.....
INFO:root:Scraping Tue Mar 13, 2018.....
INFO:root:Scraping Mon Mar 12, 2018.....
INFO:root:Scraping Sun Mar 11, 2018.....
INFO:root:Scraping Sat Mar 10, 2018.....
INFO:root:Scraping Fri Mar 09, 2018.....
INFO:root:Scraping Thu Mar 08, 2018.....
INFO:root:Scraping Wed Mar 07, 2018.....
INFO:root:Scraping Tue Mar 06, 2018.....
INFO:root:Scraping Mon Mar 05, 2018.....
INFO:root:Scraping Sun Mar 04, 2018.....
INFO:root:Scraping Sat Mar 03, 2018.....
INFO:root:Scraping Fri Mar 02, 2018.....
INFO:root:Scraping Thu Mar 01, 2018.....
INFO:root:ERROR selecting day
INFO:root:ERROR selecting day
INFO:root:ERROR selecting day
INFO:root:ERROR selecting day
INFO:root:ERROR selecting day
INFO:root:ERROR selecting day
INFO:root:ERROR selecting day
INFO:root:ERROR selecting day
INFO:root:ERROR selecting day
INFO:root:ERROR selecting day
INFO:root:ERROR selecting day
INFO:root:ERROR selecting day
INFO:root:ERROR selecting day
INFO:root:ERROR selecting day
INFO:root:Scraping Wed Feb 28, 2018.....
INFO:root:Scraping Tue Feb 27, 2018.....
INFO:root:Scraping Mon Feb 26, 2018.....
INFO:root:Scraping Sun Feb 25, 2018.....
INFO:root:Scraping Sat Feb 24, 2018.....
INFO:root:Scraping Fri Feb 23, 2018.....
INFO:root:Scraping Thu Feb 22, 2018.....
INFO:root:ERROR selecting moneyline, full game, etc.
INFO:root:ERROR selecting moneyline, full game, etc.
INFO:root:ERROR selecting moneyline, full game, etc.
INFO:root:Scraping Sun Feb 18, 2018.....
INFO:root:ERROR selecting moneyline, full game, etc.
INFO:root:Scraping Fri Feb 16, 2018.....
INFO:root:Scraping Thu Feb 15, 2018.....
INFO:root:Scraping Wed Feb 14, 2018.....
INFO:root:Scraping Tue Feb 13, 2018.....
INFO:root:Scraping Mon Feb 12, 2018.....
INFO:root:Scraping Sun Feb 11, 2018.....
INFO:root:Scraping Sat Feb 10, 2018.....
INFO:root:Scraping Fri Feb 09, 2018.....
INFO:root:Scraping Thu Feb 08, 2018.....
INFO:root:Scraping Wed Feb 07, 2018.....
INFO:root:Scraping Tue Feb 06, 2018.....
INFO:root:Scraping Mon Feb 05, 2018.....
INFO:root:Scraping Sun Feb 04, 2018.....
INFO:root:Scraping Sat Feb 03, 2018.....
INFO:root:Scraping Fri Feb 02, 2018.....
INFO:root:Scraping Thu Feb 01, 2018.....
INFO:root:ERROR selecting day
INFO:root:ERROR selecting day
INFO:root:ERROR selecting day
INFO:root:ERROR selecting day
INFO:root:ERROR selecting day
INFO:root:ERROR selecting day
INFO:root:ERROR selecting day
INFO:root:ERROR selecting day
INFO:root:ERROR selecting day
INFO:root:ERROR selecting day
INFO:root:Scraping Sun Dec 31, 2017.....
INFO:root:Scraping Sat Dec 30, 2017.....
